0 info it worked if it ends with ok
1 verbose cli [ '/usr/local/bin/node', '/usr/local/bin/npm', 'publish' ]
2 info using npm@3.3.5
3 info using node@v4.0.0
4 verbose publish [ '.' ]
5 silly cache add args [ '.', null ]
6 verbose cache add spec .
7 silly cache add parsed spec Result {
7 silly cache add   raw: '.',
7 silly cache add   scope: null,
7 silly cache add   name: null,
7 silly cache add   rawSpec: '.',
7 silly cache add   spec: '/home/sk4l/Desktop/Development/Back End/scribo - npm app logging module',
7 silly cache add   type: 'directory' }
8 verbose addLocalDirectory /home/sk4l/.npm/scribo/1.0.5/package.tgz not in flight; packing
9 info lifecycle scribo@1.0.5~prepublish: scribo@1.0.5
10 silly lifecycle scribo@1.0.5~prepublish: no script for prepublish, continuing
11 verbose tar pack [ '/home/sk4l/.npm/scribo/1.0.5/package.tgz',
11 verbose tar pack   '/home/sk4l/Desktop/Development/Back End/scribo - npm app logging module' ]
12 verbose tarball /home/sk4l/.npm/scribo/1.0.5/package.tgz
13 verbose folder /home/sk4l/Desktop/Development/Back End/scribo - npm app logging module
14 verbose addLocalTarball adding from inside cache /home/sk4l/.npm/scribo/1.0.5/package.tgz
15 silly cache afterAdd scribo@1.0.5
16 verbose afterAdd /home/sk4l/.npm/scribo/1.0.5/package/package.json not in flight; writing
17 verbose afterAdd /home/sk4l/.npm/scribo/1.0.5/package/package.json written
18 silly publish { name: 'scribo',
18 silly publish   version: '1.0.5',
18 silly publish   description: 'Scribo is a npm module that can log custom events and measure the time operations take.',
18 silly publish   main: 'index.js',
18 silly publish   directories: { test: 'tests' },
18 silly publish   dependencies: {},
18 silly publish   devDependencies: { mocha: '^2.3.3', chai: '^3.4.0' },
18 silly publish   scripts:
18 silly publish    { tests: 'mocha -R spec ./tests; exit 0',
18 silly publish      'gen-test': 'mocha ./tests/gen-test.js; exit 0',
18 silly publish      'logger-test': 'mocha ./tests/logger-test.js; exit 0',
18 silly publish      'bench-test': 'mocha ./tests/benchmarker-test.js; exit 0' },
18 silly publish   keywords: [ 'scribo', 'event', 'logging', 'benchmark' ],
18 silly publish   author: { name: 'Svetlozar Kalchev', email: 'svetlozar@kalchev.eu' },
18 silly publish   license: 'MIT',
18 silly publish   readme: '# App description\n\nScribo is a logging module for Node.js. It can do 2 simple things - log events and measure how long operations take to complete.\n\nYou specify the allowed Events in the CONFIG, since each event gets logged to a different file.\n# API\n####Scribo.logEvent(eventName, message, saveable, callback);\nThis outputs:\n\n    date time | eventName : message\n\nEvent name and message must be strings. Saveable must be a boolean and indicates if the event should be written to its corresponding log file or nor. Callback is optional.\n\n####Scribo.startBench(eventName);\n    Returns an object with the current time which serves as benchmark start.\n\n####Scribo.endBench(eventStart, loggable, callback)\n    Calculates the elapsed time. If loggable is set to TRUE, saves the result to the benchmark\'s corresponding log file.\n\n# Examples\n\nYou log an event like that:\n\n    http.createServer(function onRequest(req, res) {\n      Scribo.logEvent(\'event name\', \'message\', false);\n      // Request handling...\n    });\n\nExample benchmark:\n\n    let dbWrite = Scribo.startBench(\'DB write\');\n\n    DataBase.write(data, function onWriteFinish(err, res) {\n\n      Scribo.endBench(dbWrite, true, function onBenchEnd(err, res) {\n        // Handle benchmark ending...\n        });\n\n      // Other code...\n    })\n',
18 silly publish   readmeFilename: 'README.md',
18 silly publish   gitHead: 'e42acca0ba6deda1ed5c0dde4ec9f3500c6da3f5',
18 silly publish   _id: 'scribo@1.0.5',
18 silly publish   _shasum: 'b73af8e8d99c62e2657098ccf6aa086ad7f316f5',
18 silly publish   _from: '.' }
19 verbose getPublishConfig undefined
20 silly mapToRegistry name scribo
21 silly mapToRegistry using default registry
22 silly mapToRegistry registry https://registry.npmjs.org/
23 silly mapToRegistry uri https://registry.npmjs.org/scribo
24 verbose publish registryBase https://registry.npmjs.org/
25 silly publish uploading /home/sk4l/.npm/scribo/1.0.5/package.tgz
26 verbose request uri https://registry.npmjs.org/scribo
27 verbose request sending authorization for write operation
28 info attempt registry request try #1 at 10:11:30 PM
29 verbose request using bearer token for auth
30 verbose request id 5138015abaa69d94
31 http request PUT https://registry.npmjs.org/scribo
32 http 403 https://registry.npmjs.org/scribo
33 verbose headers { 'content-type': 'application/json',
33 verbose headers   'cache-control': 'max-age=60',
33 verbose headers   'content-length': '95',
33 verbose headers   'accept-ranges': 'bytes',
33 verbose headers   date: 'Thu, 29 Oct 2015 21:11:32 GMT',
33 verbose headers   via: '1.1 varnish',
33 verbose headers   connection: 'keep-alive',
33 verbose headers   'x-served-by': 'cache-fra1237-FRA',
33 verbose headers   'x-cache': 'MISS',
33 verbose headers   'x-cache-hits': '0',
33 verbose headers   'x-timer': 'S1446153090.831430,VS0,VE1227' }
34 verbose request invalidating /home/sk4l/.npm/registry.npmjs.org/scribo on PUT
35 error publish Failed PUT 403
36 verbose stack Error: "You cannot publish over the previously published version 1.0.5." : scribo
36 verbose stack     at makeError (/usr/local/lib/node_modules/npm/node_modules/npm-registry-client/lib/request.js:264:12)
36 verbose stack     at CachingRegistryClient.<anonymous> (/usr/local/lib/node_modules/npm/node_modules/npm-registry-client/lib/request.js:252:14)
36 verbose stack     at Request._callback (/usr/local/lib/node_modules/npm/node_modules/npm-registry-client/lib/request.js:172:14)
36 verbose stack     at Request.self.callback (/usr/local/lib/node_modules/npm/node_modules/request/request.js:198:22)
36 verbose stack     at emitTwo (events.js:87:13)
36 verbose stack     at Request.emit (events.js:172:7)
36 verbose stack     at Request.<anonymous> (/usr/local/lib/node_modules/npm/node_modules/request/request.js:1063:14)
36 verbose stack     at emitOne (events.js:82:20)
36 verbose stack     at Request.emit (events.js:169:7)
36 verbose stack     at IncomingMessage.<anonymous> (/usr/local/lib/node_modules/npm/node_modules/request/request.js:1009:12)
37 verbose statusCode 403
38 verbose pkgid scribo
39 verbose cwd /home/sk4l/Desktop/Development/Back End/scribo - npm app logging module
40 error Linux 3.13.0-24-generic
41 error argv "/usr/local/bin/node" "/usr/local/bin/npm" "publish"
42 error node v4.0.0
43 error npm  v3.3.5
44 error code E403
45 error "You cannot publish over the previously published version 1.0.5." : scribo
46 error If you need help, you may report this error at:
46 error     <https://github.com/npm/npm/issues>
47 verbose exit [ 1, true ]
